Wed 11 Jan 2023 23:51:59 CET
Wed 11 Jan 2023 23:52:06 CET
Wed Jan 11 23:13:32 UTC 2023
Thu Jan 12 00:42:01 UTC 2023
Thu Jan 12 12:16:08 UTC 2023
Fri Jan 13 00:41:52 UTC 2023
Fri Jan 13 12:14:34 UTC 2023
Sat Jan 14 00:39:14 UTC 2023
Sat Jan 14 12:12:35 UTC 2023
Sun Jan 15 00:44:15 UTC 2023
Sun Jan 15 12:12:46 UTC 2023
Mon Jan 16 00:40:53 UTC 2023
Mon Jan 16 12:14:43 UTC 2023
Tue Jan 17 00:41:51 UTC 2023
Tue Jan 17 12:15:15 UTC 2023
Wed Jan 18 00:42:57 UTC 2023
Wed Jan 18 12:14:27 UTC 2023
Thu Jan 19 00:42:28 UTC 2023
Thu Jan 19 12:15:05 UTC 2023
Fri Jan 20 00:42:19 UTC 2023
Fri Jan 20 12:15:10 UTC 2023
Sat Jan 21 00:41:42 UTC 2023
Sat Jan 21 12:12:54 UTC 2023
Sun Jan 22 00:43:52 UTC 2023
Sun Jan 22 12:13:04 UTC 2023
Mon Jan 23 00:39:23 UTC 2023
Mon Jan 23 12:14:27 UTC 2023
Tue Jan 24 00:43:22 UTC 2023
Tue Jan 24 12:15:00 UTC 2023
Wed Jan 25 00:40:33 UTC 2023
Wed Jan 25 12:15:22 UTC 2023
Thu Jan 26 00:40:45 UTC 2023
Thu Jan 26 12:15:44 UTC 2023
Fri Jan 27 00:43:14 UTC 2023
Fri Jan 27 12:14:02 UTC 2023
Sat Jan 28 00:41:31 UTC 2023
Sat Jan 28 12:12:49 UTC 2023
Sun Jan 29 00:45:49 UTC 2023
Sun Jan 29 12:12:52 UTC 2023
Mon Jan 30 00:37:41 UTC 2023
Mon Jan 30 12:14:43 UTC 2023
Tue Jan 31 00:43:55 UTC 2023
Tue Jan 31 12:14:15 UTC 2023
Wed Feb 1 00:47:21 UTC 2023
Wed Feb 1 12:15:34 UTC 2023
Thu Feb 2 00:42:51 UTC 2023
Thu Feb 2 12:14:53 UTC 2023
Fri Feb 3 00:43:44 UTC 2023
Fri Feb 3 12:14:27 UTC 2023
Sat Feb 4 00:39:39 UTC 2023
Sat Feb 4 12:13:11 UTC 2023
Sun Feb 5 00:45:33 UTC 2023
Sun Feb 5 12:12:54 UTC 2023
Mon Feb 6 00:39:48 UTC 2023
Mon Feb 6 12:15:17 UTC 2023
Tue Feb 7 00:42:47 UTC 2023
Tue Feb 7 12:15:10 UTC 2023
Wed Feb 8 00:41:49 UTC 2023
Wed Feb 8 12:15:03 UTC 2023
